2023-04-29 15:39:00.045 [Warn] Directory was specified as a plugin directory but does not exist: 'resources\plugins'

--------------------------------------------------------------------------------
2023-04-29 15:39:00.101 [Info] Discovered 0 plugins:


--------------------------------------------------------------------------------
2023-04-29 15:39:02.476 [Info] Connecting to 188.213.140.23:7777...

--------------------------------------------------------------------------------
2023-04-29 15:39:03.056 [Info] Connection approved [00000000-0000-0000-0000-000000000000].

--------------------------------------------------------------------------------
2023-04-29 15:39:03.143 [Info] Connected [00000000-0000-0000-0000-000000000000].

--------------------------------------------------------------------------------
2023-04-29 15:39:11.601 [Warn] 'Me' is null.

--------------------------------------------------------------------------------
2023-04-29 16:10:46.203 [Info] System window closing (due to user interaction most likely).

--------------------------------------------------------------------------------
2023-04-29 16:10:46.713 [Info] Acquiring context lock... (0ms)

--------------------------------------------------------------------------------
2023-04-29 16:10:47.194 [Info] Acquired. (481ms)

--------------------------------------------------------------------------------
2023-04-29 16:10:47.197 [Info] Beginning context dispose. (0ms)

--------------------------------------------------------------------------------
2023-04-29 16:10:47.197 [Info] GC.SuppressFinalize (0ms)

--------------------------------------------------------------------------------
2023-04-29 16:10:47.197 [Info] InternalDispose() completed. (0ms)

--------------------------------------------------------------------------------
2023-04-29 16:10:47.197 [Info] Clearing instance... (484ms)

--------------------------------------------------------------------------------
2023-04-29 16:10:47.197 [Info] Releasing context lock... (484ms)

--------------------------------------------------------------------------------
2023-04-29 16:10:47.197 [Info] Released. (484ms)

--------------------------------------------------------------------------------
