2023-04-29 15:31:23.688 [Warn] Directory was specified as a plugin directory but does not exist: 'resources\plugins'

--------------------------------------------------------------------------------
2023-04-29 15:31:23.814 [Info] Discovered 0 plugins:


--------------------------------------------------------------------------------
2023-04-29 15:32:49.566 [Info] Connecting to 188.213.140.23:7777...

--------------------------------------------------------------------------------
2023-04-29 15:32:51.535 [Info] Connection approved [00000000-0000-0000-0000-000000000000].

--------------------------------------------------------------------------------
2023-04-29 15:32:51.646 [Info] Connected [00000000-0000-0000-0000-000000000000].

--------------------------------------------------------------------------------
2023-04-29 15:33:08.399 [Info] User clicked exit button.

--------------------------------------------------------------------------------
2023-04-29 15:33:08.419 [Info] System window closing (due to user interaction most likely).

--------------------------------------------------------------------------------
2023-04-29 15:33:08.924 [Info] Acquiring context lock... (0ms)

--------------------------------------------------------------------------------
2023-04-29 15:33:08.924 [Info] Acquired. (0ms)

--------------------------------------------------------------------------------
2023-04-29 15:33:08.926 [Info] Beginning context dispose. (0ms)

--------------------------------------------------------------------------------
2023-04-29 15:33:08.927 [Info] GC.SuppressFinalize (0ms)

--------------------------------------------------------------------------------
2023-04-29 15:33:08.927 [Info] InternalDispose() completed. (0ms)

--------------------------------------------------------------------------------
2023-04-29 15:33:08.927 [Info] Clearing instance... (3ms)

--------------------------------------------------------------------------------
2023-04-29 15:33:08.927 [Info] Releasing context lock... (3ms)

--------------------------------------------------------------------------------
2023-04-29 15:33:08.927 [Info] Released. (3ms)

--------------------------------------------------------------------------------
