2023-04-18 12:07:19.331 [Warn] Directory was specified as a plugin directory but does not exist: 'resources\plugins'

--------------------------------------------------------------------------------
2023-04-18 12:07:19.448 [Info] Discovered 0 plugins:


--------------------------------------------------------------------------------
2023-04-18 12:07:24.452 [Info] System window closing (due to user interaction most likely).

--------------------------------------------------------------------------------
2023-04-18 12:07:24.538 [Info] Acquiring context lock... (0ms)

--------------------------------------------------------------------------------
2023-04-18 12:07:24.538 [Info] Acquired. (0ms)

--------------------------------------------------------------------------------
2023-04-18 12:07:24.542 [Info] Beginning context dispose. (0ms)

--------------------------------------------------------------------------------
2023-04-18 12:07:24.543 [Info] GC.SuppressFinalize (1ms)

--------------------------------------------------------------------------------
2023-04-18 12:07:24.543 [Info] InternalDispose() completed. (1ms)

--------------------------------------------------------------------------------
2023-04-18 12:07:24.543 [Info] Clearing instance... (5ms)

--------------------------------------------------------------------------------
2023-04-18 12:07:24.543 [Info] Releasing context lock... (5ms)

--------------------------------------------------------------------------------
2023-04-18 12:07:24.543 [Info] Released. (5ms)

--------------------------------------------------------------------------------
