2023-04-23 19:45:25.010 [Warn] Directory was specified as a plugin directory but does not exist: 'resources\plugins'

--------------------------------------------------------------------------------
2023-04-23 19:45:25.062 [Info] Discovered 0 plugins:


--------------------------------------------------------------------------------
2023-04-23 19:45:26.799 [Info] Connecting to 188.213.140.23:7777...

--------------------------------------------------------------------------------
2023-04-23 19:45:27.343 [Info] Connection approved [00000000-0000-0000-0000-000000000000].

--------------------------------------------------------------------------------
2023-04-23 19:45:27.417 [Info] Connected [00000000-0000-0000-0000-000000000000].

--------------------------------------------------------------------------------
2023-04-23 19:47:03.567 [Warn] 'Me' is null.

--------------------------------------------------------------------------------
2023-04-23 20:31:06.643 [Info] System window closing (due to user interaction most likely).

--------------------------------------------------------------------------------
2023-04-23 20:31:10.800 [Info] Acquiring context lock... (0ms)

--------------------------------------------------------------------------------
2023-04-23 20:31:10.800 [Info] Acquired. (0ms)

--------------------------------------------------------------------------------
2023-04-23 20:31:10.805 [Info] Beginning context dispose. (0ms)

--------------------------------------------------------------------------------
2023-04-23 20:31:10.806 [Info] GC.SuppressFinalize (1ms)

--------------------------------------------------------------------------------
2023-04-23 20:31:10.806 [Info] InternalDispose() completed. (1ms)

--------------------------------------------------------------------------------
2023-04-23 20:31:10.806 [Info] Clearing instance... (7ms)

--------------------------------------------------------------------------------
2023-04-23 20:31:10.807 [Info] Releasing context lock... (7ms)

--------------------------------------------------------------------------------
2023-04-23 20:31:10.807 [Info] Released. (7ms)

--------------------------------------------------------------------------------
