2023-04-23 19:14:48.765 [Warn] Directory was specified as a plugin directory but does not exist: 'resources\plugins'

--------------------------------------------------------------------------------
2023-04-23 19:14:48.840 [Info] Discovered 0 plugins:


--------------------------------------------------------------------------------
2023-04-23 19:25:37.485 [Info] Connecting to 188.213.140.23:7777...

--------------------------------------------------------------------------------
2023-04-23 19:25:38.219 [Info] Connection approved [00000000-0000-0000-0000-000000000000].

--------------------------------------------------------------------------------
2023-04-23 19:25:38.328 [Info] Connected [00000000-0000-0000-0000-000000000000].

--------------------------------------------------------------------------------
2023-04-23 19:27:01.032 [Warn] 'Me' is null.

--------------------------------------------------------------------------------
2023-04-23 19:28:01.372 [Info] System window closing (due to user interaction most likely).

--------------------------------------------------------------------------------
2023-04-23 19:28:01.429 [Info] Acquiring context lock... (0ms)

--------------------------------------------------------------------------------
2023-04-23 19:28:01.430 [Info] Acquired. (0ms)

--------------------------------------------------------------------------------
2023-04-23 19:28:01.431 [Info] Beginning context dispose. (0ms)

--------------------------------------------------------------------------------
2023-04-23 19:28:01.431 [Info] GC.SuppressFinalize (0ms)

--------------------------------------------------------------------------------
2023-04-23 19:28:01.431 [Info] InternalDispose() completed. (0ms)

--------------------------------------------------------------------------------
2023-04-23 19:28:01.431 [Info] Clearing instance... (1ms)

--------------------------------------------------------------------------------
2023-04-23 19:28:01.431 [Info] Releasing context lock... (2ms)

--------------------------------------------------------------------------------
2023-04-23 19:28:01.431 [Info] Released. (2ms)

--------------------------------------------------------------------------------
