2023-04-18 12:07:38.090 [Warn] Directory was specified as a plugin directory but does not exist: 'resources\plugins'

--------------------------------------------------------------------------------
2023-04-18 12:07:38.205 [Info] Discovered 0 plugins:


--------------------------------------------------------------------------------
2023-04-18 12:18:04.617 [Info] System window closing (due to user interaction most likely).

--------------------------------------------------------------------------------
2023-04-18 12:18:04.744 [Info] Acquiring context lock... (0ms)

--------------------------------------------------------------------------------
2023-04-18 12:18:05.040 [Info] Acquired. (296ms)

--------------------------------------------------------------------------------
2023-04-18 12:18:05.044 [Info] Beginning context dispose. (0ms)

--------------------------------------------------------------------------------
2023-04-18 12:18:05.045 [Info] GC.SuppressFinalize (1ms)

--------------------------------------------------------------------------------
2023-04-18 12:18:05.045 [Info] InternalDispose() completed. (1ms)

--------------------------------------------------------------------------------
2023-04-18 12:18:05.045 [Info] Clearing instance... (300ms)

--------------------------------------------------------------------------------
2023-04-18 12:18:05.045 [Info] Releasing context lock... (300ms)

--------------------------------------------------------------------------------
2023-04-18 12:18:05.045 [Info] Released. (301ms)

--------------------------------------------------------------------------------
