2023-04-21 19:44:59.410 [Warn] Directory was specified as a plugin directory but does not exist: 'resources\plugins'

--------------------------------------------------------------------------------
2023-04-21 19:44:59.457 [Info] Discovered 0 plugins:


--------------------------------------------------------------------------------
2023-04-21 19:51:55.970 [Info] System window closing (due to user interaction most likely).

--------------------------------------------------------------------------------
2023-04-21 19:51:56.002 [Info] Acquiring context lock... (0ms)

--------------------------------------------------------------------------------
2023-04-21 19:51:56.299 [Info] Acquired. (296ms)

--------------------------------------------------------------------------------
2023-04-21 19:51:56.299 [Info] Beginning context dispose. (0ms)

--------------------------------------------------------------------------------
2023-04-21 19:51:56.300 [Info] GC.SuppressFinalize (0ms)

--------------------------------------------------------------------------------
2023-04-21 19:51:56.300 [Info] InternalDispose() completed. (0ms)

--------------------------------------------------------------------------------
2023-04-21 19:51:56.300 [Info] Clearing instance... (298ms)

--------------------------------------------------------------------------------
2023-04-21 19:51:56.300 [Info] Releasing context lock... (298ms)

--------------------------------------------------------------------------------
2023-04-21 19:51:56.300 [Info] Released. (298ms)

--------------------------------------------------------------------------------
