2023-04-21 19:38:02.948 [Warn] Directory was specified as a plugin directory but does not exist: 'resources\plugins'

--------------------------------------------------------------------------------
2023-04-21 19:38:03.063 [Info] Discovered 0 plugins:


--------------------------------------------------------------------------------
2023-04-21 19:44:55.404 [Info] System window closing (due to user interaction most likely).

--------------------------------------------------------------------------------
2023-04-21 19:44:55.426 [Info] Acquiring context lock... (0ms)

--------------------------------------------------------------------------------
2023-04-21 19:44:55.427 [Info] Acquired. (0ms)

--------------------------------------------------------------------------------
2023-04-21 19:44:55.428 [Info] Beginning context dispose. (0ms)

--------------------------------------------------------------------------------
2023-04-21 19:44:55.428 [Info] GC.SuppressFinalize (0ms)

--------------------------------------------------------------------------------
2023-04-21 19:44:55.428 [Info] InternalDispose() completed. (0ms)

--------------------------------------------------------------------------------
2023-04-21 19:44:55.428 [Info] Clearing instance... (2ms)

--------------------------------------------------------------------------------
2023-04-21 19:44:55.429 [Info] Releasing context lock... (2ms)

--------------------------------------------------------------------------------
2023-04-21 19:44:55.429 [Info] Released. (2ms)

--------------------------------------------------------------------------------
