2023-04-18 11:48:47.409 [Warn] Directory was specified as a plugin directory but does not exist: 'resources\plugins'

--------------------------------------------------------------------------------
2023-04-18 11:48:47.460 [Info] Discovered 0 plugins:


--------------------------------------------------------------------------------
2023-04-18 11:59:47.537 [Info] System window closing (due to user interaction most likely).

--------------------------------------------------------------------------------
2023-04-18 11:59:47.670 [Info] Acquiring context lock... (0ms)

--------------------------------------------------------------------------------
2023-04-18 11:59:47.969 [Info] Acquired. (298ms)

--------------------------------------------------------------------------------
2023-04-18 11:59:47.975 [Info] Beginning context dispose. (0ms)

--------------------------------------------------------------------------------
2023-04-18 11:59:47.977 [Info] GC.SuppressFinalize (2ms)

--------------------------------------------------------------------------------
2023-04-18 11:59:47.977 [Info] InternalDispose() completed. (2ms)

--------------------------------------------------------------------------------
2023-04-18 11:59:47.977 [Info] Clearing instance... (307ms)

--------------------------------------------------------------------------------
2023-04-18 11:59:47.978 [Info] Releasing context lock... (307ms)

--------------------------------------------------------------------------------
2023-04-18 11:59:47.978 [Info] Released. (307ms)

--------------------------------------------------------------------------------
