2023-04-23 19:00:34.840 [Warn] Directory was specified as a plugin directory but does not exist: 'resources\plugins'

--------------------------------------------------------------------------------
2023-04-23 19:00:34.935 [Info] Discovered 0 plugins:


--------------------------------------------------------------------------------
2023-04-23 19:14:38.841 [Info] System window closing (due to user interaction most likely).

--------------------------------------------------------------------------------
2023-04-23 19:14:38.903 [Info] Acquiring context lock... (0ms)

--------------------------------------------------------------------------------
2023-04-23 19:14:38.903 [Info] Acquired. (0ms)

--------------------------------------------------------------------------------
2023-04-23 19:14:38.904 [Info] Beginning context dispose. (0ms)

--------------------------------------------------------------------------------
2023-04-23 19:14:38.904 [Info] GC.SuppressFinalize (0ms)

--------------------------------------------------------------------------------
2023-04-23 19:14:38.904 [Info] InternalDispose() completed. (0ms)

--------------------------------------------------------------------------------
2023-04-23 19:14:38.904 [Info] Clearing instance... (1ms)

--------------------------------------------------------------------------------
2023-04-23 19:14:38.905 [Info] Releasing context lock... (2ms)

--------------------------------------------------------------------------------
2023-04-23 19:14:38.905 [Info] Released. (2ms)

--------------------------------------------------------------------------------
