2023-04-21 19:57:06.157 [Warn] Directory was specified as a plugin directory but does not exist: 'resources\plugins'

--------------------------------------------------------------------------------
2023-04-21 19:57:06.203 [Info] Discovered 0 plugins:


--------------------------------------------------------------------------------
2023-04-21 20:01:17.520 [Info] System window closing (due to user interaction most likely).

--------------------------------------------------------------------------------
2023-04-21 20:01:17.545 [Info] Acquiring context lock... (0ms)

--------------------------------------------------------------------------------
2023-04-21 20:01:17.839 [Info] Acquired. (294ms)

--------------------------------------------------------------------------------
2023-04-21 20:01:17.840 [Info] Beginning context dispose. (0ms)

--------------------------------------------------------------------------------
2023-04-21 20:01:17.840 [Info] GC.SuppressFinalize (0ms)

--------------------------------------------------------------------------------
2023-04-21 20:01:17.841 [Info] InternalDispose() completed. (0ms)

--------------------------------------------------------------------------------
2023-04-21 20:01:17.841 [Info] Clearing instance... (295ms)

--------------------------------------------------------------------------------
2023-04-21 20:01:17.841 [Info] Releasing context lock... (295ms)

--------------------------------------------------------------------------------
2023-04-21 20:01:17.841 [Info] Released. (295ms)

--------------------------------------------------------------------------------
