2023-04-18 11:31:23.668 [Warn] Directory was specified as a plugin directory but does not exist: 'resources\plugins'

--------------------------------------------------------------------------------
2023-04-18 11:31:23.716 [Info] Discovered 0 plugins:


--------------------------------------------------------------------------------
2023-04-18 11:41:49.289 [Info] System window closing (due to user interaction most likely).

--------------------------------------------------------------------------------
2023-04-18 11:41:49.311 [Info] Acquiring context lock... (0ms)

--------------------------------------------------------------------------------
2023-04-18 11:41:49.687 [Info] Acquired. (374ms)

--------------------------------------------------------------------------------
2023-04-18 11:41:49.688 [Info] Beginning context dispose. (0ms)

--------------------------------------------------------------------------------
2023-04-18 11:41:49.688 [Info] GC.SuppressFinalize (0ms)

--------------------------------------------------------------------------------
2023-04-18 11:41:49.688 [Info] InternalDispose() completed. (0ms)

--------------------------------------------------------------------------------
2023-04-18 11:41:49.688 [Info] Clearing instance... (376ms)

--------------------------------------------------------------------------------
2023-04-18 11:41:49.688 [Info] Releasing context lock... (377ms)

--------------------------------------------------------------------------------
2023-04-18 11:41:49.688 [Info] Released. (377ms)

--------------------------------------------------------------------------------
