2023-04-18 12:00:02.200 [Warn] Directory was specified as a plugin directory but does not exist: 'resources\plugins'

--------------------------------------------------------------------------------
2023-04-18 12:00:02.316 [Info] Discovered 0 plugins:


--------------------------------------------------------------------------------
2023-04-18 12:07:12.774 [Info] System window closing (due to user interaction most likely).

--------------------------------------------------------------------------------
2023-04-18 12:07:12.841 [Info] Acquiring context lock... (0ms)

--------------------------------------------------------------------------------
2023-04-18 12:07:13.143 [Info] Acquired. (302ms)

--------------------------------------------------------------------------------
2023-04-18 12:07:13.148 [Info] Beginning context dispose. (0ms)

--------------------------------------------------------------------------------
2023-04-18 12:07:13.151 [Info] GC.SuppressFinalize (2ms)

--------------------------------------------------------------------------------
2023-04-18 12:07:13.151 [Info] InternalDispose() completed. (2ms)

--------------------------------------------------------------------------------
2023-04-18 12:07:13.151 [Info] Clearing instance... (310ms)

--------------------------------------------------------------------------------
2023-04-18 12:07:13.152 [Info] Releasing context lock... (310ms)

--------------------------------------------------------------------------------
2023-04-18 12:07:13.152 [Info] Released. (310ms)

--------------------------------------------------------------------------------
