2023-04-21 19:51:59.661 [Warn] Directory was specified as a plugin directory but does not exist: 'resources\plugins'

--------------------------------------------------------------------------------
2023-04-21 19:51:59.713 [Info] Discovered 0 plugins:


--------------------------------------------------------------------------------
2023-04-21 19:57:02.249 [Info] System window closing (due to user interaction most likely).

--------------------------------------------------------------------------------
2023-04-21 19:57:02.271 [Info] Acquiring context lock... (0ms)

--------------------------------------------------------------------------------
2023-04-21 19:57:02.272 [Info] Acquired. (0ms)

--------------------------------------------------------------------------------
2023-04-21 19:57:02.273 [Info] Beginning context dispose. (0ms)

--------------------------------------------------------------------------------
2023-04-21 19:57:02.274 [Info] GC.SuppressFinalize (0ms)

--------------------------------------------------------------------------------
2023-04-21 19:57:02.274 [Info] InternalDispose() completed. (0ms)

--------------------------------------------------------------------------------
2023-04-21 19:57:02.274 [Info] Clearing instance... (2ms)

--------------------------------------------------------------------------------
2023-04-21 19:57:02.274 [Info] Releasing context lock... (2ms)

--------------------------------------------------------------------------------
2023-04-21 19:57:02.274 [Info] Released. (2ms)

--------------------------------------------------------------------------------
