2023-04-18 11:42:04.301 [Warn] Directory was specified as a plugin directory but does not exist: 'resources\plugins'

--------------------------------------------------------------------------------
2023-04-18 11:42:04.347 [Info] Discovered 0 plugins:


--------------------------------------------------------------------------------
2023-04-18 11:47:04.039 [Info] System window closing (due to user interaction most likely).

--------------------------------------------------------------------------------
2023-04-18 11:47:04.063 [Info] Acquiring context lock... (0ms)

--------------------------------------------------------------------------------
2023-04-18 11:47:04.064 [Info] Acquired. (0ms)

--------------------------------------------------------------------------------
2023-04-18 11:47:04.065 [Info] Beginning context dispose. (0ms)

--------------------------------------------------------------------------------
2023-04-18 11:47:04.065 [Info] GC.SuppressFinalize (0ms)

--------------------------------------------------------------------------------
2023-04-18 11:47:04.065 [Info] InternalDispose() completed. (0ms)

--------------------------------------------------------------------------------
2023-04-18 11:47:04.065 [Info] Clearing instance... (1ms)

--------------------------------------------------------------------------------
2023-04-18 11:47:04.065 [Info] Releasing context lock... (2ms)

--------------------------------------------------------------------------------
2023-04-18 11:47:04.065 [Info] Released. (2ms)

--------------------------------------------------------------------------------
